1734228218.3619020 [INFO] [launch]: All log files can be found below /home/ros2_ws/.ros/log/2024-12-14-23-03-38-360424-math-9758
1734228218.3621414 [INFO] [launch]: Default logging verbosity is set to INFO
1734228218.6377873 [ERROR] [launch]: Caught exception in launch (see debug for traceback): executed command failed. Command: xacro /home/ros2_ws/install/robot_description/share/robot_description/xacro/robot.urdf.xacro calibration_file:=/home/ros2_ws/install/robot_description/share/robot_description/config/calibration.yaml
Captured stderr output: error: name 'limits' is not defined 
when evaluating expression 'limits.end_effector_joint.lower'
when instantiating macro: end_effector (/home/ros2_ws/install/robot_description/share/robot_description/xacro/./end_effector.urdf.xacro)
in file: /home/ros2_ws/install/robot_description/share/robot_description/xacro/robot.urdf.xacro

